<?xml version="1.0" encoding="UTF-8"?>
<testng-results skipped="0" failed="0" ignored="0" total="1" passed="1">
  <reporter-output>
  </reporter-output>
  <suite name="Default suite" duration-ms="21260" started-at="2021-08-09T22:24:43 IST" finished-at="2021-08-09T22:25:04 IST">
    <groups>
    </groups>
    <test name="Default test" duration-ms="21260" started-at="2021-08-09T22:24:43 IST" finished-at="2021-08-09T22:25:04 IST">
      <class name="sdet19_suite.Execute_Test_Cases">
        <test-method status="PASS" signature="executeTestCases()[pri:0, instance:sdet19_suite.Execute_Test_Cases@2353b3e6]" name="executeTestCases" duration-ms="21177" started-at="2021-08-09T22:24:43 IST" finished-at="2021-08-09T22:25:04 IST">
          <reporter-output>
          </reporter-output>
        </test-method> <!-- executeTestCases -->
      </class> <!-- sdet19_suite.Execute_Test_Cases -->
    </test> <!-- Default test -->
  </suite> <!-- Default suite -->
</testng-results>
